=== Bulk Load Session 2025-10-01T11:57:54-03:00 ===
Database URL: postgres://gis_dev:gis_dev_password@*** (hostname hidden)
Data directory: /home/enzo/University/ICC752/Firesight/geospatial-incident-platform/data/bulk_load_batch
--- Running staging_schema.sql ---
psql:tools/bulk_load/staging_schema.sql:2: NOTICE:  drop cascades to 5 other objects
DETAIL:  drop cascades to table staging.stations
drop cascades to table staging.incidents
drop cascades to table staging.incident_units
drop cascades to table staging.incident_assets
drop cascades to table staging.incident_notes
DROP SCHEMA
CREATE SCHEMA
CREATE TABLE
CREATE TABLE
CREATE TABLE
CREATE TABLE
CREATE TABLE
--- Copying CSV files into staging schema ---
COPY 40
COPY 20000
COPY 39794
COPY 24263
COPY 28064
--- Running load_pipeline.sql ---
--- Beginning transactional bulk load ---
BEGIN
psql:tools/bulk_load/load_pipeline.sql:10: NOTICE:  truncate cascades to table "incident_daily_metrics"
TRUNCATE TABLE
 ?column? 
----------
        1
(1 row)

SELECT 40
 ?column? 
----------
        1
(1 row)

SELECT 20000
INSERT 0 39794
INSERT 0 24263
INSERT 0 28064
COMMIT
ANALYZE
ANALYZE
ANALYZE
ANALYZE
ANALYZE
--- Load summary ---
   table_name    | row_count 
-----------------+-----------
 incident_assets |     24263
 incident_notes  |     28064
 incidents       |     20000
 incident_units  |     39794
 stations        |        40
(5 rows)

Load duration: 4 seconds
Validation skipped.
=== Bulk Load Completed 2025-10-01T11:57:58-03:00 ===
